ВӯЖ’ГҙГ‘ Etapa 3 - Scraping e Enriquecimento Base
ВӯЖ’ГҙВӘ Processando lote de 100 imв”ңв”Ӯveis (Total acumulado: 0)...
Г”Г…в”Ӯ Processados 10 imв”ңв”Ӯveis scraped...
Г”Г…в”Ӯ Processados 20 imв”ңв”Ӯveis scraped...
Г”Г…в”Ӯ Processados 30 imв”ңв”Ӯveis scraped...
Г”Г…в”Ӯ Processados 40 imв”ңв”Ӯveis scraped...
Г”Г…в”Ӯ Processados 50 imв”ңв”Ӯveis scraped...
Г”Г…в”Ӯ Processados 60 imв”ңв”Ӯveis scraped...
Г”Г…в”Ӯ Processados 70 imв”ңв”Ӯveis scraped...
Г”Г…в”Ӯ Processados 80 imв”ңв”Ӯveis scraped...
Г”Г…в”Ӯ Processados 90 imв”ңв”Ӯveis scraped...
Г”Г…в”Ӯ Processados 100 imв”ңв”Ӯveis scraped...
ВӯЖ’ГҙВӘ Processando lote de 100 imв”ңв”Ӯveis (Total acumulado: 100)...
Г”Г…в”Ӯ Processados 110 imв”ңв”Ӯveis scraped...
Г”Г…в”Ӯ Processados 120 imв”ңв”Ӯveis scraped...
Г”Г…в”Ӯ Processados 130 imв”ңв”Ӯveis scraped...
Г”Г…в”Ӯ Processados 140 imв”ңв”Ӯveis scraped...
Г”Г…в”Ӯ Processados 150 imв”ңв”Ӯveis scraped...
Г”Г…в”Ӯ Processados 160 imв”ңв”Ӯveis scraped...
Г”Г…в”Ӯ Processados 170 imв”ңв”Ӯveis scraped...
Г”Г…в”Ӯ Processados 180 imв”ңв”Ӯveis scraped...
Г”Г…в”Ӯ Processados 190 imв”ңв”Ӯveis scraped...
Г”Г…в”Ӯ Processados 200 imв”ңв”Ӯveis scraped...
ВӯЖ’ГҙВӘ Processando lote de 100 imв”ңв”Ӯveis (Total acumulado: 200)...
Г”Г…в”Ӯ Processados 210 imв”ңв”Ӯveis scraped...
Г”Г…в”Ӯ Processados 220 imв”ңв”Ӯveis scraped...
Г”Г…в”Ӯ Processados 230 imв”ңв”Ӯveis scraped...
Г”Г…в”Ӯ Processados 240 imв”ңв”Ӯveis scraped...
Г”Г…в”Ӯ Processados 250 imв”ңв”Ӯveis scraped...
Г”Г…в”Ӯ Processados 260 imв”ңв”Ӯveis scraped...
Г”Г…в”Ӯ Processados 270 imв”ңв”Ӯveis scraped...
Г”Г…в”Ӯ Processados 280 imв”ңв”Ӯveis scraped...
Г”Г…в”Ӯ Processados 290 imв”ңв”Ӯveis scraped...
Г”Г…в”Ӯ Processados 300 imв”ңв”Ӯveis scraped...
ВӯЖ’ГҙВӘ Processando lote de 100 imв”ңв”Ӯveis (Total acumulado: 300)...
Г”Г…в”Ӯ Processados 310 imв”ңв”Ӯveis scraped...
Г”Г…в”Ӯ Processados 320 imв”ңв”Ӯveis scraped...
Г”Г…в”Ӯ Processados 330 imв”ңв”Ӯveis scraped...
Г”Г…в”Ӯ Processados 340 imв”ңв”Ӯveis scraped...
Г”Г…в”Ӯ Processados 350 imв”ңв”Ӯveis scraped...
Г”Г…в”Ӯ Processados 360 imв”ңв”Ӯveis scraped...
Г”Г…в”Ӯ Processados 370 imв”ңв”Ӯveis scraped...
Г”Г…в”Ӯ Processados 380 imв”ңв”Ӯveis scraped...
Г”Г…в”Ӯ Processados 390 imв”ңв”Ӯveis scraped...
Г”Г…в”Ӯ Processados 400 imв”ңв”Ӯveis scraped...
ВӯЖ’ГҙВӘ Processando lote de 100 imв”ңв”Ӯveis (Total acumulado: 400)...
Г”Г…в”Ӯ Processados 410 imв”ңв”Ӯveis scraped...
Г”Г…в”Ӯ Processados 420 imв”ңв”Ӯveis scraped...
Г”Г…в”Ӯ Processados 430 imв”ңв”Ӯveis scraped...
Г”Г…в”Ӯ Processados 440 imв”ңв”Ӯveis scraped...
Г”Г…в”Ӯ Processados 450 imв”ңв”Ӯveis scraped...
Г”Г…в”Ӯ Processados 460 imв”ңв”Ӯveis scraped...
Г”Г…в”Ӯ Processados 470 imв”ңв”Ӯveis scraped...
Г”Г…в”Ӯ Processados 480 imв”ңв”Ӯveis scraped...
Г”Г…в”Ӯ Processados 490 imв”ңв”Ӯveis scraped...
Г”Г…в”Ӯ Processados 500 imв”ңв”Ӯveis scraped...
ВӯЖ’ГҙВӘ Processando lote de 100 imв”ңв”Ӯveis (Total acumulado: 500)...
Г”Г…в”Ӯ Processados 510 imв”ңв”Ӯveis scraped...
Г”Г…в”Ӯ Processados 520 imв”ңв”Ӯveis scraped...
Г”Г…в”Ӯ Processados 530 imв”ңв”Ӯveis scraped...
Г”Г…в”Ӯ Processados 540 imв”ңв”Ӯveis scraped...
Г”Г…в”Ӯ Processados 550 imв”ңв”Ӯveis scraped...
Г”Г…в”Ӯ Processados 560 imв”ңв”Ӯveis scraped...
Г”Г…в”Ӯ Processados 570 imв”ңв”Ӯveis scraped...
Г”Г…в”Ӯ Processados 580 imв”ңв”Ӯveis scraped...
Г”Г…в”Ӯ Processados 590 imв”ңв”Ӯveis scraped...
Г”Г…в”Ӯ Processados 600 imв”ңв”Ӯveis scraped...
ВӯЖ’ГҙВӘ Processando lote de 100 imв”ңв”Ӯveis (Total acumulado: 600)...
Г”Г…в”Ӯ Processados 610 imв”ңв”Ӯveis scraped...
Г”Г…в”Ӯ Processados 620 imв”ңв”Ӯveis scraped...
Г”Г…в”Ӯ Processados 630 imв”ңв”Ӯveis scraped...
Г”Г…в”Ӯ Processados 640 imв”ңв”Ӯveis scraped...
Г”Г…в”Ӯ Processados 650 imв”ңв”Ӯveis scraped...
Г”Г…в”Ӯ Processados 660 imв”ңв”Ӯveis scraped...
Г”Г…в”Ӯ Processados 670 imв”ңв”Ӯveis scraped...
Г”Г…в”Ӯ Processados 680 imв”ңв”Ӯveis scraped...
Г”Г…в”Ӯ Processados 690 imв”ңв”Ӯveis scraped...
Г”Г…в”Ӯ Processados 700 imв”ңв”Ӯveis scraped...
ВӯЖ’ГҙВӘ Processando lote de 100 imв”ңв”Ӯveis (Total acumulado: 700)...
Г”Г…в”Ӯ Processados 710 imв”ңв”Ӯveis scraped...
Г”Г…в”Ӯ Processados 720 imв”ңв”Ӯveis scraped...
Г”Г…в”Ӯ Processados 730 imв”ңв”Ӯveis scraped...
Г”Г…в”Ӯ Processados 740 imв”ңв”Ӯveis scraped...
Г”Г…в”Ӯ Processados 750 imв”ңв”Ӯveis scraped...
Г”Г…в”Ӯ Processados 760 imв”ңв”Ӯveis scraped...
Г”Г…в”Ӯ Processados 770 imв”ңв”Ӯveis scraped...
Г”Г…в”Ӯ Processados 780 imв”ңв”Ӯveis scraped...
Г”Г…в”Ӯ Processados 790 imв”ңв”Ӯveis scraped...
Г”Г…в”Ӯ Processados 800 imв”ңв”Ӯveis scraped...
ВӯЖ’ГҙВӘ Processando lote de 100 imв”ңв”Ӯveis (Total acumulado: 800)...
Г”Г…в”Ӯ Processados 810 imв”ңв”Ӯveis scraped...
Г”Г…в”Ӯ Processados 820 imв”ңв”Ӯveis scraped...
Г”Г…в”Ӯ Processados 830 imв”ңв”Ӯveis scraped...
Г”Г…в”Ӯ Processados 840 imв”ңв”Ӯveis scraped...
Г”Г…в”Ӯ Processados 850 imв”ңв”Ӯveis scraped...
Г”Г…в”Ӯ Processados 860 imв”ңв”Ӯveis scraped...
Г”Г…в”Ӯ Processados 870 imв”ңв”Ӯveis scraped...
Г”Г…в”Ӯ Processados 880 imв”ңв”Ӯveis scraped...
Г”Г…в”Ӯ Processados 890 imв”ңв”Ӯveis scraped...
Г”Г…в”Ӯ Processados 900 imв”ңв”Ӯveis scraped...
ВӯЖ’ГҙВӘ Processando lote de 100 imв”ңв”Ӯveis (Total acumulado: 900)...
Г”Г…в”Ӯ Processados 910 imв”ңв”Ӯveis scraped...
Г”Г…в”Ӯ Processados 920 imв”ңв”Ӯveis scraped...
Г”Г…в”Ӯ Processados 930 imв”ңв”Ӯveis scraped...
Г”Г…в”Ӯ Processados 940 imв”ңв”Ӯveis scraped...
Г”Г…в”Ӯ Processados 950 imв”ңв”Ӯveis scraped...
Г”Г…в”Ӯ Processados 960 imв”ңв”Ӯveis scraped...
Г”Г…в”Ӯ Processados 970 imв”ңв”Ӯveis scraped...
Г”Г…в”Ӯ Processados 980 imв”ңв”Ӯveis scraped...
Г”Г…в”Ӯ Processados 990 imв”ңв”Ӯveis scraped...
Г”Г…в”Ӯ Processados 1000 imв”ңв”Ӯveis scraped...
ВӯЖ’ГҙВӘ Processando lote de 100 imв”ңв”Ӯveis (Total acumulado: 1000)...
Г”Г…в”Ӯ Processados 1010 imв”ңв”Ӯveis scraped...
Г”Г…в”Ӯ Processados 1020 imв”ңв”Ӯveis scraped...
Г”Г…в”Ӯ Processados 1030 imв”ңв”Ӯveis scraped...
Г”Г…в”Ӯ Processados 1040 imв”ңв”Ӯveis scraped...
Г”Г…в”Ӯ Processados 1050 imв”ңв”Ӯveis scraped...
Г”Г…в”Ӯ Processados 1060 imв”ңв”Ӯveis scraped...
Г”Г…в”Ӯ Processados 1070 imв”ңв”Ӯveis scraped...
Г”Г…в”Ӯ Processados 1080 imв”ңв”Ӯveis scraped...
Г”Г…в”Ӯ Processados 1090 imв”ңв”Ӯveis scraped...
Г”Г…в”Ӯ Processados 1100 imв”ңв”Ӯveis scraped...
ВӯЖ’ГҙВӘ Processando lote de 100 imв”ңв”Ӯveis (Total acumulado: 1100)...
Г”Г…в”Ӯ Processados 1110 imв”ңв”Ӯveis scraped...
Г”Г…в”Ӯ Processados 1120 imв”ңв”Ӯveis scraped...
Г”Г…в”Ӯ Processados 1130 imв”ңв”Ӯveis scraped...
Г”Г…в”Ӯ Processados 1140 imв”ңв”Ӯveis scraped...
Г”Г…в”Ӯ Processados 1150 imв”ңв”Ӯveis scraped...
Г”Г…в”Ӯ Processados 1160 imв”ңв”Ӯveis scraped...
Г”Г…в”Ӯ Processados 1170 imв”ңв”Ӯveis scraped...
Г”Г…в”Ӯ Processados 1180 imв”ңв”Ӯveis scraped...
Г”Г…в”Ӯ Processados 1190 imв”ңв”Ӯveis scraped...
Г”Г…в”Ӯ Processados 1200 imв”ңв”Ӯveis scraped...
ВӯЖ’ГҙВӘ Processando lote de 100 imв”ңв”Ӯveis (Total acumulado: 1200)...
Г”Г…в”Ӯ Processados 1210 imв”ңв”Ӯveis scraped...
Г”Г…в”Ӯ Processados 1220 imв”ңв”Ӯveis scraped...
Г”Г…в”Ӯ Processados 1230 imв”ңв”Ӯveis scraped...
Г”Г…в”Ӯ Processados 1240 imв”ңв”Ӯveis scraped...
Г”Г…в”Ӯ Processados 1250 imв”ңв”Ӯveis scraped...
Г”Г…в”Ӯ Processados 1260 imв”ңв”Ӯveis scraped...
Г”Г…в”Ӯ Processados 1270 imв”ңв”Ӯveis scraped...
Г”Г…в”Ӯ Processados 1280 imв”ңв”Ӯveis scraped...
Г”Г…в”Ӯ Processados 1290 imв”ңв”Ӯveis scraped...
Г”Г…в”Ӯ Processados 1300 imв”ңв”Ӯveis scraped...
ВӯЖ’ГҙВӘ Processando lote de 100 imв”ңв”Ӯveis (Total acumulado: 1300)...
Г”Г…в”Ӯ Processados 1310 imв”ңв”Ӯveis scraped...
Г”Г…в”Ӯ Processados 1320 imв”ңв”Ӯveis scraped...
Г”Г…в”Ӯ Processados 1330 imв”ңв”Ӯveis scraped...
Г”Г…в”Ӯ Processados 1340 imв”ңв”Ӯveis scraped...
Г”Г…в”Ӯ Processados 1350 imв”ңв”Ӯveis scraped...
Г”Г…в”Ӯ Processados 1360 imв”ңв”Ӯveis scraped...
Г”Г…в”Ӯ Processados 1370 imв”ңв”Ӯveis scraped...
Г”Г…в”Ӯ Processados 1380 imв”ңв”Ӯveis scraped...
Г”Г…в”Ӯ Processados 1390 imв”ңв”Ӯveis scraped...
Г”Г…в”Ӯ Processados 1400 imв”ңв”Ӯveis scraped...
ВӯЖ’ГҙВӘ Processando lote de 100 imв”ңв”Ӯveis (Total acumulado: 1400)...
Г”Г…в”Ӯ Processados 1410 imв”ңв”Ӯveis scraped...
Г”Г…в”Ӯ Processados 1420 imв”ңв”Ӯveis scraped...
Г”Г…в”Ӯ Processados 1430 imв”ңв”Ӯveis scraped...
Г”Г…в”Ӯ Processados 1440 imв”ңв”Ӯveis scraped...
Г”Г…в”Ӯ Processados 1450 imв”ңв”Ӯveis scraped...
Г”Г…в”Ӯ Processados 1460 imв”ңв”Ӯveis scraped...
Г”Г…в”Ӯ Processados 1470 imв”ңв”Ӯveis scraped...
Г”Г…в”Ӯ Processados 1480 imв”ңв”Ӯveis scraped...
Г”Г…в”Ӯ Processados 1490 imв”ңв”Ӯveis scraped...
Г”Г…в”Ӯ Processados 1500 imв”ңв”Ӯveis scraped...
ВӯЖ’ГҙВӘ Processando lote de 100 imв”ңв”Ӯveis (Total acumulado: 1500)...
Г”Г…в”Ӯ Processados 1510 imв”ңв”Ӯveis scraped...
Г”Г…в”Ӯ Processados 1520 imв”ңв”Ӯveis scraped...
Г”Г…в”Ӯ Processados 1530 imв”ңв”Ӯveis scraped...
Г”Г…в”Ӯ Processados 1540 imв”ңв”Ӯveis scraped...
Г”Г…в”Ӯ Processados 1550 imв”ңв”Ӯveis scraped...
Г”Г…в”Ӯ Processados 1560 imв”ңв”Ӯveis scraped...
Г”Г…в”Ӯ Processados 1570 imв”ңв”Ӯveis scraped...
Г”Г…в”Ӯ Processados 1580 imв”ңв”Ӯveis scraped...
Г”Г…в”Ӯ Processados 1590 imв”ңв”Ӯveis scraped...
Г”Г…в”Ӯ Processados 1600 imв”ңв”Ӯveis scraped...
ВӯЖ’ГҙВӘ Processando lote de 100 imв”ңв”Ӯveis (Total acumulado: 1600)...
Г”Г…в”Ӯ Processados 1610 imв”ңв”Ӯveis scraped...
Г”Г…в”Ӯ Processados 1620 imв”ңв”Ӯveis scraped...
Г”Г…в”Ӯ Processados 1630 imв”ңв”Ӯveis scraped...
Г”Г…в”Ӯ Processados 1640 imв”ңв”Ӯveis scraped...
Г”Г…в”Ӯ Processados 1650 imв”ңв”Ӯveis scraped...
Г”Г…в”Ӯ Processados 1660 imв”ңв”Ӯveis scraped...
Г”Г…в”Ӯ Processados 1670 imв”ңв”Ӯveis scraped...
Г”Г…в”Ӯ Processados 1680 imв”ңв”Ӯveis scraped...
Г”Г…в”Ӯ Processados 1690 imв”ңв”Ӯveis scraped...
Г”Г…в”Ӯ Processados 1700 imв”ңв”Ӯveis scraped...
ВӯЖ’ГҙВӘ Processando lote de 100 imв”ңв”Ӯveis (Total acumulado: 1700)...
Г”Г…в”Ӯ Processados 1710 imв”ңв”Ӯveis scraped...
Г”Г…в”Ӯ Processados 1720 imв”ңв”Ӯveis scraped...
Г”Г…в”Ӯ Processados 1730 imв”ңв”Ӯveis scraped...
Г”Г…в”Ӯ Processados 1740 imв”ңв”Ӯveis scraped...
Г”Г…в”Ӯ Processados 1750 imв”ңв”Ӯveis scraped...
Г”Г…в”Ӯ Processados 1760 imв”ңв”Ӯveis scraped...
Г”Г…в”Ӯ Processados 1770 imв”ңв”Ӯveis scraped...
Г”Г…в”Ӯ Processados 1780 imв”ңв”Ӯveis scraped...
Г”Г…в”Ӯ Processados 1790 imв”ңв”Ӯveis scraped...
Г”Г…в”Ӯ Processados 1800 imв”ңв”Ӯveis scraped...
ВӯЖ’ГҙВӘ Processando lote de 100 imв”ңв”Ӯveis (Total acumulado: 1800)...
Г”Г…в”Ӯ Processados 1810 imв”ңв”Ӯveis scraped...
Г”Г…в”Ӯ Processados 1820 imв”ңв”Ӯveis scraped...
Г”Г…в”Ӯ Processados 1830 imв”ңв”Ӯveis scraped...
Г”Г…в”Ӯ Processados 1840 imв”ңв”Ӯveis scraped...
Г”Г…в”Ӯ Processados 1850 imв”ңв”Ӯveis scraped...
Г”Г…в”Ӯ Processados 1860 imв”ңв”Ӯveis scraped...
Г”Г…в”Ӯ Processados 1870 imв”ңв”Ӯveis scraped...
Г”Г…в”Ӯ Processados 1880 imв”ңв”Ӯveis scraped...
Г”Г…в”Ӯ Processados 1890 imв”ңв”Ӯveis scraped...
Г”Г…в”Ӯ Processados 1900 imв”ңв”Ӯveis scraped...
ВӯЖ’ГҙВӘ Processando lote de 100 imв”ңв”Ӯveis (Total acumulado: 1900)...
Г”Г…в”Ӯ Processados 1910 imв”ңв”Ӯveis scraped...
Г”Г…в”Ӯ Processados 1920 imв”ңв”Ӯveis scraped...
Г”Г…в”Ӯ Processados 1930 imв”ңв”Ӯveis scraped...
Г”Г…в”Ӯ Processados 1940 imв”ңв”Ӯveis scraped...
Г”Г…в”Ӯ Processados 1950 imв”ңв”Ӯveis scraped...
Г”Г…в”Ӯ Processados 1960 imв”ңв”Ӯveis scraped...
Г”Г…в”Ӯ Processados 1970 imв”ңв”Ӯveis scraped...
Г”Г…в”Ӯ Processados 1980 imв”ңв”Ӯveis scraped...
Г”Г…в”Ӯ Processados 1990 imв”ңв”Ӯveis scraped...
Г”Г…в”Ӯ Processados 2000 imв”ңв”Ӯveis scraped...
ВӯЖ’ГҙВӘ Processando lote de 100 imв”ңв”Ӯveis (Total acumulado: 2000)...
Г”Г…в”Ӯ Processados 2010 imв”ңв”Ӯveis scraped...
Г”Г…в”Ӯ Processados 2020 imв”ңв”Ӯveis scraped...
Г”Г…в”Ӯ Processados 2030 imв”ңв”Ӯveis scraped...
Г”Г…в”Ӯ Processados 2040 imв”ңв”Ӯveis scraped...
Г”Г…в”Ӯ Processados 2050 imв”ңв”Ӯveis scraped...
Г”Г…в”Ӯ Processados 2060 imв”ңв”Ӯveis scraped...
Г”Г…в”Ӯ Processados 2070 imв”ңв”Ӯveis scraped...
Г”Г…в”Ӯ Processados 2080 imв”ңв”Ӯveis scraped...
Г”Г…в”Ӯ Processados 2090 imв”ңв”Ӯveis scraped...
Г”Г…в”Ӯ Processados 2100 imв”ңв”Ӯveis scraped...
ВӯЖ’ГҙВӘ Processando lote de 100 imв”ңв”Ӯveis (Total acumulado: 2100)...
Г”Г…в”Ӯ Processados 2110 imв”ңв”Ӯveis scraped...
Г”Г…в”Ӯ Processados 2120 imв”ңв”Ӯveis scraped...
Г”Г…в”Ӯ Processados 2130 imв”ңв”Ӯveis scraped...
Г”Г…в”Ӯ Processados 2140 imв”ңв”Ӯveis scraped...
Г”Г…в”Ӯ Processados 2150 imв”ңв”Ӯveis scraped...
Г”Г…в”Ӯ Processados 2160 imв”ңв”Ӯveis scraped...
Г”Г…в”Ӯ Processados 2170 imв”ңв”Ӯveis scraped...
Г”Г…в”Ӯ Processados 2180 imв”ңв”Ӯveis scraped...
Г”Г…в”Ӯ Processados 2190 imв”ңв”Ӯveis scraped...
Г”Г…в”Ӯ Processados 2200 imв”ңв”Ӯveis scraped...
ВӯЖ’ГҙВӘ Processando lote de 100 imв”ңв”Ӯveis (Total acumulado: 2200)...
Г”Г…в”Ӯ Processados 2210 imв”ңв”Ӯveis scraped...
Г”Г…в”Ӯ Processados 2220 imв”ңв”Ӯveis scraped...
Г”Г…в”Ӯ Processados 2230 imв”ңв”Ӯveis scraped...
Г”Г…в”Ӯ Processados 2240 imв”ңв”Ӯveis scraped...
Г”Г…в”Ӯ Processados 2250 imв”ңв”Ӯveis scraped...
Г”Г…в”Ӯ Processados 2260 imв”ңв”Ӯveis scraped...
Г”Г…в”Ӯ Processados 2270 imв”ңв”Ӯveis scraped...
Г”Г…в”Ӯ Processados 2280 imв”ңв”Ӯveis scraped...
Г”Г…в”Ӯ Processados 2290 imв”ңв”Ӯveis scraped...
Г”Г…в”Ӯ Processados 2300 imв”ңв”Ӯveis scraped...
ВӯЖ’ГҙВӘ Processando lote de 100 imв”ңв”Ӯveis (Total acumulado: 2300)...
Г”Г…в”Ӯ Processados 2310 imв”ңв”Ӯveis scraped...
Г”Г…в”Ӯ Processados 2320 imв”ңв”Ӯveis scraped...
Г”Г…в”Ӯ Processados 2330 imв”ңв”Ӯveis scraped...
Г”Г…в”Ӯ Processados 2340 imв”ңв”Ӯveis scraped...
Г”Г…в”Ӯ Processados 2350 imв”ңв”Ӯveis scraped...
Г”Г…в”Ӯ Processados 2360 imв”ңв”Ӯveis scraped...
Г”Г…в”Ӯ Processados 2370 imв”ңв”Ӯveis scraped...
Г”Г…в”Ӯ Processados 2380 imв”ңв”Ӯveis scraped...
Г”Г…в”Ӯ Processados 2390 imв”ңв”Ӯveis scraped...
Г”Г…в”Ӯ Processados 2400 imв”ңв”Ӯveis scraped...
ВӯЖ’ГҙВӘ Processando lote de 100 imв”ңв”Ӯveis (Total acumulado: 2400)...
Г”Г…в”Ӯ Processados 2410 imв”ңв”Ӯveis scraped...
Г”Г…в”Ӯ Processados 2420 imв”ңв”Ӯveis scraped...
Г”Г…в”Ӯ Processados 2430 imв”ңв”Ӯveis scraped...
Г”Г…в”Ӯ Processados 2440 imв”ңв”Ӯveis scraped...
Г”Г…в”Ӯ Processados 2450 imв”ңв”Ӯveis scraped...
Г”Г…в”Ӯ Processados 2460 imв”ңв”Ӯveis scraped...
Г”Г…в”Ӯ Processados 2470 imв”ңв”Ӯveis scraped...
Г”Г…в”Ӯ Processados 2480 imв”ңв”Ӯveis scraped...
Г”Г…в”Ӯ Processados 2490 imв”ңв”Ӯveis scraped...
Г”Г…в”Ӯ Processados 2500 imв”ңв”Ӯveis scraped...
ВӯЖ’ГҙВӘ Processando lote de 100 imв”ңв”Ӯveis (Total acumulado: 2500)...
Г”Г…в”Ӯ Processados 2510 imв”ңв”Ӯveis scraped...
Г”Г…в”Ӯ Processados 2520 imв”ңв”Ӯveis scraped...
Г”Г…в”Ӯ Processados 2530 imв”ңв”Ӯveis scraped...
Г”Г…в”Ӯ Processados 2540 imв”ңв”Ӯveis scraped...
Г”Г…в”Ӯ Processados 2550 imв”ңв”Ӯveis scraped...
Г”Г…в”Ӯ Processados 2560 imв”ңв”Ӯveis scraped...
Г”Г…в”Ӯ Processados 2570 imв”ңв”Ӯveis scraped...
Г”Г…в”Ӯ Processados 2580 imв”ңв”Ӯveis scraped...
Г”Г…в”Ӯ Processados 2590 imв”ңв”Ӯveis scraped...
Г”Г…в”Ӯ Processados 2600 imв”ңв”Ӯveis scraped...
ВӯЖ’ГҙВӘ Processando lote de 100 imв”ңв”Ӯveis (Total acumulado: 2600)...
Г”Г…в”Ӯ Processados 2610 imв”ңв”Ӯveis scraped...
Г”Г…в”Ӯ Processados 2620 imв”ңв”Ӯveis scraped...
Г”Г…в”Ӯ Processados 2630 imв”ңв”Ӯveis scraped...
Г”Г…в”Ӯ Processados 2640 imв”ңв”Ӯveis scraped...
Г”Г…в”Ӯ Processados 2650 imв”ңв”Ӯveis scraped...
Г”Г…в”Ӯ Processados 2660 imв”ңв”Ӯveis scraped...
Г”Г…в”Ӯ Processados 2670 imв”ңв”Ӯveis scraped...
Г”Г…в”Ӯ Processados 2680 imв”ңв”Ӯveis scraped...
Г”Г…в”Ӯ Processados 2690 imв”ңв”Ӯveis scraped...
Г”Г…в”Ӯ Processados 2700 imв”ңв”Ӯveis scraped...
ВӯЖ’ГҙВӘ Processando lote de 100 imв”ңв”Ӯveis (Total acumulado: 2700)...
Г”Г…в”Ӯ Processados 2710 imв”ңв”Ӯveis scraped...
Г”Г…в”Ӯ Processados 2720 imв”ңв”Ӯveis scraped...
Г”Г…в”Ӯ Processados 2730 imв”ңв”Ӯveis scraped...
Г”Г…в”Ӯ Processados 2740 imв”ңв”Ӯveis scraped...
Г”Г…в”Ӯ Processados 2750 imв”ңв”Ӯveis scraped...
Г”Г…в”Ӯ Processados 2760 imв”ңв”Ӯveis scraped...
Г”Г…в”Ӯ Processados 2770 imв”ңв”Ӯveis scraped...
Г”Г…в”Ӯ Processados 2780 imв”ңв”Ӯveis scraped...
Г”Г…в”Ӯ Processados 2790 imв”ңв”Ӯveis scraped...
Г”Г…в”Ӯ Processados 2800 imв”ңв”Ӯveis scraped...
ВӯЖ’ГҙВӘ Processando lote de 100 imв”ңв”Ӯveis (Total acumulado: 2800)...
Г”Г…в”Ӯ Processados 2810 imв”ңв”Ӯveis scraped...
Г”Г…в”Ӯ Processados 2820 imв”ңв”Ӯveis scraped...
Г”Г…в”Ӯ Processados 2830 imв”ңв”Ӯveis scraped...
Г”Г…в”Ӯ Processados 2840 imв”ңв”Ӯveis scraped...
Г”Г…в”Ӯ Processados 2850 imв”ңв”Ӯveis scraped...
Г”Г…в”Ӯ Processados 2860 imв”ңв”Ӯveis scraped...
Г”Г…в”Ӯ Processados 2870 imв”ңв”Ӯveis scraped...
Г”Г…в”Ӯ Processados 2880 imв”ңв”Ӯveis scraped...
Г”Г…в”Ӯ Processados 2890 imв”ңв”Ӯveis scraped...
Г”Г…в”Ӯ Processados 2900 imв”ңв”Ӯveis scraped...
ВӯЖ’ГҙВӘ Processando lote de 100 imв”ңв”Ӯveis (Total acumulado: 2900)...
Г”Г…в”Ӯ Processados 2910 imв”ңв”Ӯveis scraped...
Г”Г…в”Ӯ Processados 2920 imв”ңв”Ӯveis scraped...
Г”Г…в”Ӯ Processados 2930 imв”ңв”Ӯveis scraped...
Г”Г…в”Ӯ Processados 2940 imв”ңв”Ӯveis scraped...
Г”Г…в”Ӯ Processados 2950 imв”ңв”Ӯveis scraped...
Г”Г…в”Ӯ Processados 2960 imв”ңв”Ӯveis scraped...
Г”Г…в”Ӯ Processados 2970 imв”ңв”Ӯveis scraped...
Г”Г…в”Ӯ Processados 2980 imв”ңв”Ӯveis scraped...
Г”Г…в”Ӯ Processados 2990 imв”ңв”Ӯveis scraped...
Г”Г…в”Ӯ Processados 3000 imв”ңв”Ӯveis scraped...
ВӯЖ’ГҙВӘ Processando lote de 100 imв”ңв”Ӯveis (Total acumulado: 3000)...
Г”Г…в”Ӯ Processados 3010 imв”ңв”Ӯveis scraped...
Г”Г…в”Ӯ Processados 3020 imв”ңв”Ӯveis scraped...
Г”Г…в”Ӯ Processados 3030 imв”ңв”Ӯveis scraped...
Г”Г…в”Ӯ Processados 3040 imв”ңв”Ӯveis scraped...
Г”Г…в”Ӯ Processados 3050 imв”ңв”Ӯveis scraped...
Г”Г…в”Ӯ Processados 3060 imв”ңв”Ӯveis scraped...
Г”Г…в”Ӯ Processados 3070 imв”ңв”Ӯveis scraped...
Г”Г…в”Ӯ Processados 3080 imв”ңв”Ӯveis scraped...
Г”Г…в”Ӯ Processados 3090 imв”ңв”Ӯveis scraped...
Г”Г…в”Ӯ Processados 3100 imв”ңв”Ӯveis scraped...
ВӯЖ’ГҙВӘ Processando lote de 100 imв”ңв”Ӯveis (Total acumulado: 3100)...
Г”Г…в”Ӯ Processados 3110 imв”ңв”Ӯveis scraped...
Г”Г…в”Ӯ Processados 3120 imв”ңв”Ӯveis scraped...
Г”Г…в”Ӯ Processados 3130 imв”ңв”Ӯveis scraped...
Г”Г…в”Ӯ Processados 3140 imв”ңв”Ӯveis scraped...
Г”Г…в”Ӯ Processados 3150 imв”ңв”Ӯveis scraped...
Г”Г…в”Ӯ Processados 3160 imв”ңв”Ӯveis scraped...
Г”Г…в”Ӯ Processados 3170 imв”ңв”Ӯveis scraped...
Г”Г…в”Ӯ Processados 3180 imв”ңв”Ӯveis scraped...
Г”Г…в”Ӯ Processados 3190 imв”ңв”Ӯveis scraped...
Г”Г…в”Ӯ Processados 3200 imв”ңв”Ӯveis scraped...
ВӯЖ’ГҙВӘ Processando lote de 100 imв”ңв”Ӯveis (Total acumulado: 3200)...
Г”Г…в”Ӯ Processados 3210 imв”ңв”Ӯveis scraped...
Г”Г…в”Ӯ Processados 3220 imв”ңв”Ӯveis scraped...
Г”Г…в”Ӯ Processados 3230 imв”ңв”Ӯveis scraped...
Г”Г…в”Ӯ Processados 3240 imв”ңв”Ӯveis scraped...
Г”Г…в”Ӯ Processados 3250 imв”ңв”Ӯveis scraped...
Г”Г…в”Ӯ Processados 3260 imв”ңв”Ӯveis scraped...
Г”Г…в”Ӯ Processados 3270 imв”ңв”Ӯveis scraped...
Г”Г…в”Ӯ Processados 3280 imв”ңв”Ӯveis scraped...
Г”Г…в”Ӯ Processados 3290 imв”ңв”Ӯveis scraped...
Г”Г…в”Ӯ Processados 3300 imв”ңв”Ӯveis scraped...
ВӯЖ’ГҙВӘ Processando lote de 100 imв”ңв”Ӯveis (Total acumulado: 3300)...
Г”Г…в”Ӯ Processados 3310 imв”ңв”Ӯveis scraped...
Г”Г…в”Ӯ Processados 3320 imв”ңв”Ӯveis scraped...
Г”Г…в”Ӯ Processados 3330 imв”ңв”Ӯveis scraped...
Г”Г…в”Ӯ Processados 3340 imв”ңв”Ӯveis scraped...
Г”Г…в”Ӯ Processados 3350 imв”ңв”Ӯveis scraped...
Г”ГҳГ® Erro no imв”ңв”Ӯvel 8444423058631: <ConnectionTerminated error_code:0, last_stream_id:19999, additional_data:None>
Г”Г…в”Ӯ Processados 3360 imв”ңв”Ӯveis scraped...
Г”Г…в”Ӯ Processados 3370 imв”ңв”Ӯveis scraped...
Г”Г…в”Ӯ Processados 3380 imв”ңв”Ӯveis scraped...
Г”Г…в”Ӯ Processados 3390 imв”ңв”Ӯveis scraped...
ВӯЖ’ГҙВӘ Processando lote de 100 imв”ңв”Ӯveis (Total acumulado: 3399)...
Г”Г…в”Ӯ Processados 3400 imв”ңв”Ӯveis scraped...
Г”Г…в”Ӯ Processados 3410 imв”ңв”Ӯveis scraped...
Г”Г…в”Ӯ Processados 3420 imв”ңв”Ӯveis scraped...
Г”Г…в”Ӯ Processados 3430 imв”ңв”Ӯveis scraped...
Г”Г…в”Ӯ Processados 3440 imв”ңв”Ӯveis scraped...
Г”Г…в”Ӯ Processados 3450 imв”ңв”Ӯveis scraped...
Г”Г…в”Ӯ Processados 3460 imв”ңв”Ӯveis scraped...
Г”Г…в”Ӯ Processados 3470 imв”ңв”Ӯveis scraped...
Г”Г…в”Ӯ Processados 3480 imв”ңв”Ӯveis scraped...
Г”Г…в”Ӯ Processados 3490 imв”ңв”Ӯveis scraped...
ВӯЖ’ГҙВӘ Processando lote de 100 imв”ңв”Ӯveis (Total acumulado: 3499)...
Г”Г…в”Ӯ Processados 3500 imв”ңв”Ӯveis scraped...
Г”Г…в”Ӯ Processados 3510 imв”ңв”Ӯveis scraped...
Г”Г…в”Ӯ Processados 3520 imв”ңв”Ӯveis scraped...
Г”Г…в”Ӯ Processados 3530 imв”ңв”Ӯveis scraped...
Г”Г…в”Ӯ Processados 3540 imв”ңв”Ӯveis scraped...
Г”Г…в”Ӯ Processados 3550 imв”ңв”Ӯveis scraped...
Г”Г…в”Ӯ Processados 3560 imв”ңв”Ӯveis scraped...
Г”Г…в”Ӯ Processados 3570 imв”ңв”Ӯveis scraped...
Г”Г…в”Ӯ Processados 3580 imв”ңв”Ӯveis scraped...
Г”Г…в”Ӯ Processados 3590 imв”ңв”Ӯveis scraped...
ВӯЖ’ГҙВӘ Processando lote de 100 imв”ңв”Ӯveis (Total acumulado: 3599)...
Г”Г…в”Ӯ Processados 3600 imв”ңв”Ӯveis scraped...
Г”Г…в”Ӯ Processados 3610 imв”ңв”Ӯveis scraped...
Г”Г…в”Ӯ Processados 3620 imв”ңв”Ӯveis scraped...
Г”Г…в”Ӯ Processados 3630 imв”ңв”Ӯveis scraped...
Г”Г…в”Ӯ Processados 3640 imв”ңв”Ӯveis scraped...
Г”Г…в”Ӯ Processados 3650 imв”ңв”Ӯveis scraped...
Г”Г…в”Ӯ Processados 3660 imв”ңв”Ӯveis scraped...
Г”Г…в”Ӯ Processados 3670 imв”ңв”Ӯveis scraped...
Г”Г…в”Ӯ Processados 3680 imв”ңв”Ӯveis scraped...
Г”Г…в”Ӯ Processados 3690 imв”ңв”Ӯveis scraped...
ВӯЖ’ГҙВӘ Processando lote de 100 imв”ңв”Ӯveis (Total acumulado: 3699)...
Г”Г…в”Ӯ Processados 3700 imв”ңв”Ӯveis scraped...
Г”Г…в”Ӯ Processados 3710 imв”ңв”Ӯveis scraped...
Г”Г…в”Ӯ Processados 3720 imв”ңв”Ӯveis scraped...
Г”Г…в”Ӯ Processados 3730 imв”ңв”Ӯveis scraped...
Г”Г…в”Ӯ Processados 3740 imв”ңв”Ӯveis scraped...
Г”Г…в”Ӯ Processados 3750 imв”ңв”Ӯveis scraped...
Г”Г…в”Ӯ Processados 3760 imв”ңв”Ӯveis scraped...
Г”Г…в”Ӯ Processados 3770 imв”ңв”Ӯveis scraped...
Г”Г…в”Ӯ Processados 3780 imв”ңв”Ӯveis scraped...
Г”Г…в”Ӯ Processados 3790 imв”ңв”Ӯveis scraped...
ВӯЖ’ГҙВӘ Processando lote de 100 imв”ңв”Ӯveis (Total acumulado: 3799)...
Г”Г…в”Ӯ Processados 3800 imв”ңв”Ӯveis scraped...
Г”Г…в”Ӯ Processados 3810 imв”ңв”Ӯveis scraped...
Г”Г…в”Ӯ Processados 3820 imв”ңв”Ӯveis scraped...
Г”Г…в”Ӯ Processados 3830 imв”ңв”Ӯveis scraped...
Г”Г…в”Ӯ Processados 3840 imв”ңв”Ӯveis scraped...
Г”Г…в”Ӯ Processados 3850 imв”ңв”Ӯveis scraped...
Г”Г…в”Ӯ Processados 3860 imв”ңв”Ӯveis scraped...
Г”Г…в”Ӯ Processados 3870 imв”ңв”Ӯveis scraped...
Г”Г…в”Ӯ Processados 3880 imв”ңв”Ӯveis scraped...
Г”Г…в”Ӯ Processados 3890 imв”ңв”Ӯveis scraped...
ВӯЖ’ГҙВӘ Processando lote de 100 imв”ңв”Ӯveis (Total acumulado: 3899)...
Г”Г…в”Ӯ Processados 3900 imв”ңв”Ӯveis scraped...
Г”Г…в”Ӯ Processados 3910 imв”ңв”Ӯveis scraped...
Г”Г…в”Ӯ Processados 3920 imв”ңв”Ӯveis scraped...
Г”Г…в”Ӯ Processados 3930 imв”ңв”Ӯveis scraped...
Г”Г…в”Ӯ Processados 3940 imв”ңв”Ӯveis scraped...
Г”Г…в”Ӯ Processados 3950 imв”ңв”Ӯveis scraped...
Г”Г…в”Ӯ Processados 3960 imв”ңв”Ӯveis scraped...
Г”Г…в”Ӯ Processados 3970 imв”ңв”Ӯveis scraped...
Г”Г…в”Ӯ Processados 3980 imв”ңв”Ӯveis scraped...
Г”Г…в”Ӯ Processados 3990 imв”ңв”Ӯveis scraped...
ВӯЖ’ГҙВӘ Processando lote de 100 imв”ңв”Ӯveis (Total acumulado: 3999)...
Г”Г…в”Ӯ Processados 4000 imв”ңв”Ӯveis scraped...
Г”Г…в”Ӯ Processados 4010 imв”ңв”Ӯveis scraped...
Г”Г…в”Ӯ Processados 4020 imв”ңв”Ӯveis scraped...
Г”Г…в”Ӯ Processados 4030 imв”ңв”Ӯveis scraped...
Г”Г…в”Ӯ Processados 4040 imв”ңв”Ӯveis scraped...
Г”Г…в”Ӯ Processados 4050 imв”ңв”Ӯveis scraped...
Г”Г…в”Ӯ Processados 4060 imв”ңв”Ӯveis scraped...
Г”Г…в”Ӯ Processados 4070 imв”ңв”Ӯveis scraped...
Г”Г…в”Ӯ Processados 4080 imв”ңв”Ӯveis scraped...
Г”Г…в”Ӯ Processados 4090 imв”ңв”Ӯveis scraped...
ВӯЖ’ГҙВӘ Processando lote de 100 imв”ңв”Ӯveis (Total acumulado: 4099)...
Г”Г…в”Ӯ Processados 4100 imв”ңв”Ӯveis scraped...
Г”Г…в”Ӯ Processados 4110 imв”ңв”Ӯveis scraped...
Г”Г…в”Ӯ Processados 4120 imв”ңв”Ӯveis scraped...
Г”Г…в”Ӯ Processados 4130 imв”ңв”Ӯveis scraped...
Г”Г…в”Ӯ Processados 4140 imв”ңв”Ӯveis scraped...
Г”Г…в”Ӯ Processados 4150 imв”ңв”Ӯveis scraped...
Г”Г…в”Ӯ Processados 4160 imв”ңв”Ӯveis scraped...
Г”Г…в”Ӯ Processados 4170 imв”ңв”Ӯveis scraped...
Г”Г…в”Ӯ Processados 4180 imв”ңв”Ӯveis scraped...
Г”Г…в”Ӯ Processados 4190 imв”ңв”Ӯveis scraped...
ВӯЖ’ГҙВӘ Processando lote de 100 imв”ңв”Ӯveis (Total acumulado: 4199)...
Г”Г…в”Ӯ Processados 4200 imв”ңв”Ӯveis scraped...
Г”Г…в”Ӯ Processados 4210 imв”ңв”Ӯveis scraped...
Г”Г…в”Ӯ Processados 4220 imв”ңв”Ӯveis scraped...
Г”Г…в”Ӯ Processados 4230 imв”ңв”Ӯveis scraped...
Г”Г…в”Ӯ Processados 4240 imв”ңв”Ӯveis scraped...
Г”Г…в”Ӯ Processados 4250 imв”ңв”Ӯveis scraped...
Г”Г…в”Ӯ Processados 4260 imв”ңв”Ӯveis scraped...
Г”Г…в”Ӯ Processados 4270 imв”ңв”Ӯveis scraped...
Г”Г…в”Ӯ Processados 4280 imв”ңв”Ӯveis scraped...
Г”Г…в”Ӯ Processados 4290 imв”ңв”Ӯveis scraped...
ВӯЖ’ГҙВӘ Processando lote de 100 imв”ңв”Ӯveis (Total acumulado: 4299)...
Г”Г…в”Ӯ Processados 4300 imв”ңв”Ӯveis scraped...
Г”Г…в”Ӯ Processados 4310 imв”ңв”Ӯveis scraped...
Г”Г…в”Ӯ Processados 4320 imв”ңв”Ӯveis scraped...
Г”Г…в”Ӯ Processados 4330 imв”ңв”Ӯveis scraped...
Г”Г…в”Ӯ Processados 4340 imв”ңв”Ӯveis scraped...
Г”Г…в”Ӯ Processados 4350 imв”ңв”Ӯveis scraped...
Г”Г…в”Ӯ Processados 4360 imв”ңв”Ӯveis scraped...
Г”Г…в”Ӯ Processados 4370 imв”ңв”Ӯveis scraped...
Г”Г…в”Ӯ Processados 4380 imв”ңв”Ӯveis scraped...
Г”Г…в”Ӯ Processados 4390 imв”ңв”Ӯveis scraped...
ВӯЖ’ГҙВӘ Processando lote de 100 imв”ңв”Ӯveis (Total acumulado: 4399)...
Г”Г…в”Ӯ Processados 4400 imв”ңв”Ӯveis scraped...
Г”Г…в”Ӯ Processados 4410 imв”ңв”Ӯveis scraped...
Г”Г…в”Ӯ Processados 4420 imв”ңв”Ӯveis scraped...
Г”Г…в”Ӯ Processados 4430 imв”ңв”Ӯveis scraped...
Г”Г…в”Ӯ Processados 4440 imв”ңв”Ӯveis scraped...
Г”Г…в”Ӯ Processados 4450 imв”ңв”Ӯveis scraped...
Г”Г…в”Ӯ Processados 4460 imв”ңв”Ӯveis scraped...
Г”Г…в”Ӯ Processados 4470 imв”ңв”Ӯveis scraped...
Г”Г…в”Ӯ Processados 4480 imв”ңв”Ӯveis scraped...
Г”Г…в”Ӯ Processados 4490 imв”ңв”Ӯveis scraped...
ВӯЖ’ГҙВӘ Processando lote de 100 imв”ңв”Ӯveis (Total acumulado: 4499)...
Г”Г…в”Ӯ Processados 4500 imв”ңв”Ӯveis scraped...
Г”Г…в”Ӯ Processados 4510 imв”ңв”Ӯveis scraped...
Г”Г…в”Ӯ Processados 4520 imв”ңв”Ӯveis scraped...
Г”Г…в”Ӯ Processados 4530 imв”ңв”Ӯveis scraped...
Г”Г…в”Ӯ Processados 4540 imв”ңв”Ӯveis scraped...
Г”Г…в”Ӯ Processados 4550 imв”ңв”Ӯveis scraped...
Г”Г…в”Ӯ Processados 4560 imв”ңв”Ӯveis scraped...
Г”Г…в”Ӯ Processados 4570 imв”ңв”Ӯveis scraped...
Г”Г…в”Ӯ Processados 4580 imв”ңв”Ӯveis scraped...
Г”Г…в”Ӯ Processados 4590 imв”ңв”Ӯveis scraped...
ВӯЖ’ГҙВӘ Processando lote de 100 imв”ңв”Ӯveis (Total acumulado: 4599)...
Г”Г…в”Ӯ Processados 4600 imв”ңв”Ӯveis scraped...
Г”Г…в”Ӯ Processados 4610 imв”ңв”Ӯveis scraped...
Г”Г…в”Ӯ Processados 4620 imв”ңв”Ӯveis scraped...
Г”Г…в”Ӯ Processados 4630 imв”ңв”Ӯveis scraped...
Г”Г…в”Ӯ Processados 4640 imв”ңв”Ӯveis scraped...
Г”Г…в”Ӯ Processados 4650 imв”ңв”Ӯveis scraped...
Г”Г…в”Ӯ Processados 4660 imв”ңв”Ӯveis scraped...
Г”Г…в”Ӯ Processados 4670 imв”ңв”Ӯveis scraped...
Г”Г…в”Ӯ Processados 4680 imв”ңв”Ӯveis scraped...
Г”Г…в”Ӯ Processados 4690 imв”ңв”Ӯveis scraped...
ВӯЖ’ГҙВӘ Processando lote de 100 imв”ңв”Ӯveis (Total acumulado: 4699)...
Г”Г…в”Ӯ Processados 4700 imв”ңв”Ӯveis scraped...
Г”Г…в”Ӯ Processados 4710 imв”ңв”Ӯveis scraped...
Г”Г…в”Ӯ Processados 4720 imв”ңв”Ӯveis scraped...
Г”Г…в”Ӯ Processados 4730 imв”ңв”Ӯveis scraped...
Г”Г…в”Ӯ Processados 4740 imв”ңв”Ӯveis scraped...
Г”Г…в”Ӯ Processados 4750 imв”ңв”Ӯveis scraped...
Г”Г…в”Ӯ Processados 4760 imв”ңв”Ӯveis scraped...
Г”Г…в”Ӯ Processados 4770 imв”ңв”Ӯveis scraped...
Г”Г…в”Ӯ Processados 4780 imв”ңв”Ӯveis scraped...
Г”Г…в”Ӯ Processados 4790 imв”ңв”Ӯveis scraped...
ВӯЖ’ГҙВӘ Processando lote de 100 imв”ңв”Ӯveis (Total acumulado: 4799)...
Г”Г…в”Ӯ Processados 4800 imв”ңв”Ӯveis scraped...
Г”Г…в”Ӯ Processados 4810 imв”ңв”Ӯveis scraped...
Г”Г…в”Ӯ Processados 4820 imв”ңв”Ӯveis scraped...
Г”Г…в”Ӯ Processados 4830 imв”ңв”Ӯveis scraped...
Г”Г…в”Ӯ Processados 4840 imв”ңв”Ӯveis scraped...
Г”Г…в”Ӯ Processados 4850 imв”ңв”Ӯveis scraped...
Г”Г…в”Ӯ Processados 4860 imв”ңв”Ӯveis scraped...
Г”Г…в”Ӯ Processados 4870 imв”ңв”Ӯveis scraped...
Г”Г…в”Ӯ Processados 4880 imв”ңв”Ӯveis scraped...
Г”Г…в”Ӯ Processados 4890 imв”ңв”Ӯveis scraped...
ВӯЖ’ГҙВӘ Processando lote de 100 imв”ңв”Ӯveis (Total acumulado: 4899)...
Г”Г…в”Ӯ Processados 4900 imв”ңв”Ӯveis scraped...
Г”Г…в”Ӯ Processados 4910 imв”ңв”Ӯveis scraped...
Г”Г…в”Ӯ Processados 4920 imв”ңв”Ӯveis scraped...
Г”Г…в”Ӯ Processados 4930 imв”ңв”Ӯveis scraped...
Г”Г…в”Ӯ Processados 4940 imв”ңв”Ӯveis scraped...
Г”Г…в”Ӯ Processados 4950 imв”ңв”Ӯveis scraped...
Г”Г…в”Ӯ Processados 4960 imв”ңв”Ӯveis scraped...
Г”Г…в”Ӯ Processados 4970 imв”ңв”Ӯveis scraped...
Г”Г…в”Ӯ Processados 4980 imв”ңв”Ӯveis scraped...
Г”Г…в”Ӯ Processados 4990 imв”ңв”Ӯveis scraped...
ВӯЖ’ГҙВӘ Processando lote de 100 imв”ңв”Ӯveis (Total acumulado: 4999)...
Г”Г…в”Ӯ Processados 5000 imв”ңв”Ӯveis scraped...
Г”Г…в”Ӯ Processados 5010 imв”ңв”Ӯveis scraped...
Г”Г…в”Ӯ Processados 5020 imв”ңв”Ӯveis scraped...
Г”Г…в”Ӯ Processados 5030 imв”ңв”Ӯveis scraped...
Г”Г…в”Ӯ Processados 5040 imв”ңв”Ӯveis scraped...
Г”Г…в”Ӯ Processados 5050 imв”ңв”Ӯveis scraped...
Г”Г…в”Ӯ Processados 5060 imв”ңв”Ӯveis scraped...
Г”Г…в”Ӯ Processados 5070 imв”ңв”Ӯveis scraped...
Г”Г…в”Ӯ Processados 5080 imв”ңв”Ӯveis scraped...
Г”Г…в”Ӯ Processados 5090 imв”ңв”Ӯveis scraped...
ВӯЖ’ГҙВӘ Processando lote de 100 imв”ңв”Ӯveis (Total acumulado: 5099)...
Г”Г…в”Ӯ Processados 5100 imв”ңв”Ӯveis scraped...
Г”Г…в”Ӯ Processados 5110 imв”ңв”Ӯveis scraped...
Г”Г…в”Ӯ Processados 5120 imв”ңв”Ӯveis scraped...
Г”Г…в”Ӯ Processados 5130 imв”ңв”Ӯveis scraped...
Г”Г…в”Ӯ Processados 5140 imв”ңв”Ӯveis scraped...
Г”Г…в”Ӯ Processados 5150 imв”ңв”Ӯveis scraped...
Г”Г…в”Ӯ Processados 5160 imв”ңв”Ӯveis scraped...
Г”Г…в”Ӯ Processados 5170 imв”ңв”Ӯveis scraped...
Г”Г…в”Ӯ Processados 5180 imв”ңв”Ӯveis scraped...
Г”Г…в”Ӯ Processados 5190 imв”ңв”Ӯveis scraped...
ВӯЖ’ГҙВӘ Processando lote de 100 imв”ңв”Ӯveis (Total acumulado: 5199)...
Г”Г…в”Ӯ Processados 5200 imв”ңв”Ӯveis scraped...
Г”Г…в”Ӯ Processados 5210 imв”ңв”Ӯveis scraped...
Г”Г…в”Ӯ Processados 5220 imв”ңв”Ӯveis scraped...
Г”Г…в”Ӯ Processados 5230 imв”ңв”Ӯveis scraped...
Г”Г…в”Ӯ Processados 5240 imв”ңв”Ӯveis scraped...
Г”Г…в”Ӯ Processados 5250 imв”ңв”Ӯveis scraped...
Г”Г…в”Ӯ Processados 5260 imв”ңв”Ӯveis scraped...
Г”Г…в”Ӯ Processados 5270 imв”ңв”Ӯveis scraped...
Г”Г…в”Ӯ Processados 5280 imв”ңв”Ӯveis scraped...
Г”Г…в”Ӯ Processados 5290 imв”ңв”Ӯveis scraped...
ВӯЖ’ГҙВӘ Processando lote de 100 imв”ңв”Ӯveis (Total acumulado: 5299)...
Г”Г…в”Ӯ Processados 5300 imв”ңв”Ӯveis scraped...
Г”Г…в”Ӯ Processados 5310 imв”ңв”Ӯveis scraped...
Г”Г…в”Ӯ Processados 5320 imв”ңв”Ӯveis scraped...
Г”Г…в”Ӯ Processados 5330 imв”ңв”Ӯveis scraped...
Г”Г…в”Ӯ Processados 5340 imв”ңв”Ӯveis scraped...
Г”Г…в”Ӯ Processados 5350 imв”ңв”Ӯveis scraped...
Г”Г…в”Ӯ Processados 5360 imв”ңв”Ӯveis scraped...
Г”Г…в”Ӯ Processados 5370 imв”ңв”Ӯveis scraped...
Г”Г…в”Ӯ Processados 5380 imв”ңв”Ӯveis scraped...
Г”Г…в”Ӯ Processados 5390 imв”ңв”Ӯveis scraped...
ВӯЖ’ГҙВӘ Processando lote de 100 imв”ңв”Ӯveis (Total acumulado: 5399)...
Г”Г…в”Ӯ Processados 5400 imв”ңв”Ӯveis scraped...
Г”Г…в”Ӯ Processados 5410 imв”ңв”Ӯveis scraped...
Г”Г…в”Ӯ Processados 5420 imв”ңв”Ӯveis scraped...
Г”Г…в”Ӯ Processados 5430 imв”ңв”Ӯveis scraped...
Г”Г…в”Ӯ Processados 5440 imв”ңв”Ӯveis scraped...
Г”Г…в”Ӯ Processados 5450 imв”ңв”Ӯveis scraped...
Г”Г…в”Ӯ Processados 5460 imв”ңв”Ӯveis scraped...
Г”Г…в”Ӯ Processados 5470 imв”ңв”Ӯveis scraped...
Г”Г…в”Ӯ Processados 5480 imв”ңв”Ӯveis scraped...
Г”Г…в”Ӯ Processados 5490 imв”ңв”Ӯveis scraped...
ВӯЖ’ГҙВӘ Processando lote de 100 imв”ңв”Ӯveis (Total acumulado: 5499)...
Г”Г…в”Ӯ Processados 5500 imв”ңв”Ӯveis scraped...
Г”Г…в”Ӯ Processados 5510 imв”ңв”Ӯveis scraped...
Г”Г…в”Ӯ Processados 5520 imв”ңв”Ӯveis scraped...
Г”Г…в”Ӯ Processados 5530 imв”ңв”Ӯveis scraped...
Г”Г…в”Ӯ Processados 5540 imв”ңв”Ӯveis scraped...
Г”Г…в”Ӯ Processados 5550 imв”ңв”Ӯveis scraped...
Г”Г…в”Ӯ Processados 5560 imв”ңв”Ӯveis scraped...
Г”Г…в”Ӯ Processados 5570 imв”ңв”Ӯveis scraped...
Г”Г…в”Ӯ Processados 5580 imв”ңв”Ӯveis scraped...
Г”Г…в”Ӯ Processados 5590 imв”ңв”Ӯveis scraped...
ВӯЖ’ГҙВӘ Processando lote de 100 imв”ңв”Ӯveis (Total acumulado: 5599)...
Г”Г…в”Ӯ Processados 5600 imв”ңв”Ӯveis scraped...
Г”Г…в”Ӯ Processados 5610 imв”ңв”Ӯveis scraped...
Г”Г…в”Ӯ Processados 5620 imв”ңв”Ӯveis scraped...
Г”Г…в”Ӯ Processados 5630 imв”ңв”Ӯveis scraped...
Г”Г…в”Ӯ Processados 5640 imв”ңв”Ӯveis scraped...
Г”Г…в”Ӯ Processados 5650 imв”ңв”Ӯveis scraped...
Г”Г…в”Ӯ Processados 5660 imв”ңв”Ӯveis scraped...
Г”Г…в”Ӯ Processados 5670 imв”ңв”Ӯveis scraped...
Г”Г…в”Ӯ Processados 5680 imв”ңв”Ӯveis scraped...
Г”Г…в”Ӯ Processados 5690 imв”ңв”Ӯveis scraped...
ВӯЖ’ГҙВӘ Processando lote de 100 imв”ңв”Ӯveis (Total acumulado: 5699)...
Г”Г…в”Ӯ Processados 5700 imв”ңв”Ӯveis scraped...
Г”Г…в”Ӯ Processados 5710 imв”ңв”Ӯveis scraped...
Г”Г…в”Ӯ Processados 5720 imв”ңв”Ӯveis scraped...
Г”Г…в”Ӯ Processados 5730 imв”ңв”Ӯveis scraped...
Г”Г…в”Ӯ Processados 5740 imв”ңв”Ӯveis scraped...
Г”Г…в”Ӯ Processados 5750 imв”ңв”Ӯveis scraped...
Г”Г…в”Ӯ Processados 5760 imв”ңв”Ӯveis scraped...
Г”Г…в”Ӯ Processados 5770 imв”ңв”Ӯveis scraped...
Г”Г…в”Ӯ Processados 5780 imв”ңв”Ӯveis scraped...
Г”Г…в”Ӯ Processados 5790 imв”ңв”Ӯveis scraped...
ВӯЖ’ГҙВӘ Processando lote de 100 imв”ңв”Ӯveis (Total acumulado: 5799)...
Г”Г…в”Ӯ Processados 5800 imв”ңв”Ӯveis scraped...
Г”Г…в”Ӯ Processados 5810 imв”ңв”Ӯveis scraped...
Г”Г…в”Ӯ Processados 5820 imв”ңв”Ӯveis scraped...
Г”Г…в”Ӯ Processados 5830 imв”ңв”Ӯveis scraped...
Г”Г…в”Ӯ Processados 5840 imв”ңв”Ӯveis scraped...
Г”Г…в”Ӯ Processados 5850 imв”ңв”Ӯveis scraped...
Г”Г…в”Ӯ Processados 5860 imв”ңв”Ӯveis scraped...
Г”Г…в”Ӯ Processados 5870 imв”ңв”Ӯveis scraped...
Г”Г…в”Ӯ Processados 5880 imв”ңв”Ӯveis scraped...
Г”Г…в”Ӯ Processados 5890 imв”ңв”Ӯveis scraped...
ВӯЖ’ГҙВӘ Processando lote de 100 imв”ңв”Ӯveis (Total acumulado: 5899)...
Г”Г…в”Ӯ Processados 5900 imв”ңв”Ӯveis scraped...
Г”Г…в”Ӯ Processados 5910 imв”ңв”Ӯveis scraped...
Г”Г…в”Ӯ Processados 5920 imв”ңв”Ӯveis scraped...
Г”Г…в”Ӯ Processados 5930 imв”ңв”Ӯveis scraped...
Г”Г…в”Ӯ Processados 5940 imв”ңв”Ӯveis scraped...
Г”Г…в”Ӯ Processados 5950 imв”ңв”Ӯveis scraped...
Г”Г…в”Ӯ Processados 5960 imв”ңв”Ӯveis scraped...
Г”Г…в”Ӯ Processados 5970 imв”ңв”Ӯveis scraped...
Г”Г…в”Ӯ Processados 5980 imв”ңв”Ӯveis scraped...
Г”Г…в”Ӯ Processados 5990 imв”ңв”Ӯveis scraped...
ВӯЖ’ГҙВӘ Processando lote de 100 imв”ңв”Ӯveis (Total acumulado: 5999)...
Г”Г…в”Ӯ Processados 6000 imв”ңв”Ӯveis scraped...
Г”Г…в”Ӯ Processados 6010 imв”ңв”Ӯveis scraped...
Г”Г…в”Ӯ Processados 6020 imв”ңв”Ӯveis scraped...
Г”Г…в”Ӯ Processados 6030 imв”ңв”Ӯveis scraped...
Г”Г…в”Ӯ Processados 6040 imв”ңв”Ӯveis scraped...
Г”Г…в”Ӯ Processados 6050 imв”ңв”Ӯveis scraped...
Г”Г…в”Ӯ Processados 6060 imв”ңв”Ӯveis scraped...
Г”Г…в”Ӯ Processados 6070 imв”ңв”Ӯveis scraped...
Г”Г…в”Ӯ Processados 6080 imв”ңв”Ӯveis scraped...
Г”Г…в”Ӯ Processados 6090 imв”ңв”Ӯveis scraped...
ВӯЖ’ГҙВӘ Processando lote de 100 imв”ңв”Ӯveis (Total acumulado: 6099)...
Г”Г…в”Ӯ Processados 6100 imв”ңв”Ӯveis scraped...
Г”Г…в”Ӯ Processados 6110 imв”ңв”Ӯveis scraped...
Г”Г…в”Ӯ Processados 6120 imв”ңв”Ӯveis scraped...
Г”Г…в”Ӯ Processados 6130 imв”ңв”Ӯveis scraped...
Г”Г…в”Ӯ Processados 6140 imв”ңв”Ӯveis scraped...
Г”Г…в”Ӯ Processados 6150 imв”ңв”Ӯveis scraped...
Г”Г…в”Ӯ Processados 6160 imв”ңв”Ӯveis scraped...
Г”Г…в”Ӯ Processados 6170 imв”ңв”Ӯveis scraped...
Г”Г…в”Ӯ Processados 6180 imв”ңв”Ӯveis scraped...
Г”Г…в”Ӯ Processados 6190 imв”ңв”Ӯveis scraped...
ВӯЖ’ГҙВӘ Processando lote de 100 imв”ңв”Ӯveis (Total acumulado: 6199)...
Г”Г…в”Ӯ Processados 6200 imв”ңв”Ӯveis scraped...
Г”Г…в”Ӯ Processados 6210 imв”ңв”Ӯveis scraped...
Г”Г…в”Ӯ Processados 6220 imв”ңв”Ӯveis scraped...
Г”Г…в”Ӯ Processados 6230 imв”ңв”Ӯveis scraped...
Г”Г…в”Ӯ Processados 6240 imв”ңв”Ӯveis scraped...
Г”Г…в”Ӯ Processados 6250 imв”ңв”Ӯveis scraped...
Г”Г…в”Ӯ Processados 6260 imв”ңв”Ӯveis scraped...
Г”Г…в”Ӯ Processados 6270 imв”ңв”Ӯveis scraped...
Г”Г…в”Ӯ Processados 6280 imв”ңв”Ӯveis scraped...
Г”Г…в”Ӯ Processados 6290 imв”ңв”Ӯveis scraped...
ВӯЖ’ГҙВӘ Processando lote de 100 imв”ңв”Ӯveis (Total acumulado: 6299)...
Г”Г…в”Ӯ Processados 6300 imв”ңв”Ӯveis scraped...
Г”Г…в”Ӯ Processados 6310 imв”ңв”Ӯveis scraped...
Г”Г…в”Ӯ Processados 6320 imв”ңв”Ӯveis scraped...
Г”Г…в”Ӯ Processados 6330 imв”ңв”Ӯveis scraped...
Г”Г…в”Ӯ Processados 6340 imв”ңв”Ӯveis scraped...
Г”Г…в”Ӯ Processados 6350 imв”ңв”Ӯveis scraped...
Г”Г…в”Ӯ Processados 6360 imв”ңв”Ӯveis scraped...
Г”Г…в”Ӯ Processados 6370 imв”ңв”Ӯveis scraped...
Г”Г…в”Ӯ Processados 6380 imв”ңв”Ӯveis scraped...
Г”Г…в”Ӯ Processados 6390 imв”ңв”Ӯveis scraped...
ВӯЖ’ГҙВӘ Processando lote de 100 imв”ңв”Ӯveis (Total acumulado: 6399)...
Г”Г…в”Ӯ Processados 6400 imв”ңв”Ӯveis scraped...
Г”Г…в”Ӯ Processados 6410 imв”ңв”Ӯveis scraped...
Г”Г…в”Ӯ Processados 6420 imв”ңв”Ӯveis scraped...
Г”Г…в”Ӯ Processados 6430 imв”ңв”Ӯveis scraped...
Г”Г…в”Ӯ Processados 6440 imв”ңв”Ӯveis scraped...
Г”Г…в”Ӯ Processados 6450 imв”ңв”Ӯveis scraped...
Г”Г…в”Ӯ Processados 6460 imв”ңв”Ӯveis scraped...
Г”Г…в”Ӯ Processados 6470 imв”ңв”Ӯveis scraped...
Г”Г…в”Ӯ Processados 6480 imв”ңв”Ӯveis scraped...
Г”Г…в”Ӯ Processados 6490 imв”ңв”Ӯveis scraped...
ВӯЖ’ГҙВӘ Processando lote de 100 imв”ңв”Ӯveis (Total acumulado: 6499)...
Г”Г…в”Ӯ Processados 6500 imв”ңв”Ӯveis scraped...
Г”Г…в”Ӯ Processados 6510 imв”ңв”Ӯveis scraped...
Г”Г…в”Ӯ Processados 6520 imв”ңв”Ӯveis scraped...
Г”Г…в”Ӯ Processados 6530 imв”ңв”Ӯveis scraped...
Г”Г…в”Ӯ Processados 6540 imв”ңв”Ӯveis scraped...
Г”Г…в”Ӯ Processados 6550 imв”ңв”Ӯveis scraped...
Г”Г…в”Ӯ Processados 6560 imв”ңв”Ӯveis scraped...
Г”Г…в”Ӯ Processados 6570 imв”ңв”Ӯveis scraped...
Г”Г…в”Ӯ Processados 6580 imв”ңв”Ӯveis scraped...
Г”Г…в”Ӯ Processados 6590 imв”ңв”Ӯveis scraped...
ВӯЖ’ГҙВӘ Processando lote de 100 imв”ңв”Ӯveis (Total acumulado: 6599)...
Г”Г…в”Ӯ Processados 6600 imв”ңв”Ӯveis scraped...
Г”Г…в”Ӯ Processados 6610 imв”ңв”Ӯveis scraped...
Г”Г…в”Ӯ Processados 6620 imв”ңв”Ӯveis scraped...
Г”Г…в”Ӯ Processados 6630 imв”ңв”Ӯveis scraped...
Г”Г…в”Ӯ Processados 6640 imв”ңв”Ӯveis scraped...
Г”Г…в”Ӯ Processados 6650 imв”ңв”Ӯveis scraped...
Г”Г…в”Ӯ Processados 6660 imв”ңв”Ӯveis scraped...
Г”Г…в”Ӯ Processados 6670 imв”ңв”Ӯveis scraped...
Г”Г…в”Ӯ Processados 6680 imв”ңв”Ӯveis scraped...
Г”Г…в”Ӯ Processados 6690 imв”ңв”Ӯveis scraped...
ВӯЖ’ГҙВӘ Processando lote de 100 imв”ңв”Ӯveis (Total acumulado: 6699)...
Г”Г…в”Ӯ Processados 6700 imв”ңв”Ӯveis scraped...
Г”Г…в”Ӯ Processados 6710 imв”ңв”Ӯveis scraped...
Г”Г…в”Ӯ Processados 6720 imв”ңв”Ӯveis scraped...
Г”Г…в”Ӯ Processados 6730 imв”ңв”Ӯveis scraped...
Г”Г…в”Ӯ Processados 6740 imв”ңв”Ӯveis scraped...
Г”Г…в”Ӯ Processados 6750 imв”ңв”Ӯveis scraped...
Г”Г…в”Ӯ Processados 6760 imв”ңв”Ӯveis scraped...
Г”Г…в”Ӯ Processados 6770 imв”ңв”Ӯveis scraped...
Г”Г…в”Ӯ Processados 6780 imв”ңв”Ӯveis scraped...
Г”Г…в”Ӯ Processados 6790 imв”ңв”Ӯveis scraped...
ВӯЖ’ГҙВӘ Processando lote de 100 imв”ңв”Ӯveis (Total acumulado: 6799)...
Г”Г…в”Ӯ Processados 6800 imв”ңв”Ӯveis scraped...
Г”Г…в”Ӯ Processados 6810 imв”ңв”Ӯveis scraped...
Г”Г…в”Ӯ Processados 6820 imв”ңв”Ӯveis scraped...
Г”Г…в”Ӯ Processados 6830 imв”ңв”Ӯveis scraped...
Г”Г…в”Ӯ Processados 6840 imв”ңв”Ӯveis scraped...
Г”Г…в”Ӯ Processados 6850 imв”ңв”Ӯveis scraped...
Г”Г…в”Ӯ Processados 6860 imв”ңв”Ӯveis scraped...
Г”Г…в”Ӯ Processados 6870 imв”ңв”Ӯveis scraped...
Г”Г…в”Ӯ Processados 6880 imв”ңв”Ӯveis scraped...
Г”Г…в”Ӯ Processados 6890 imв”ңв”Ӯveis scraped...
ВӯЖ’ГҙВӘ Processando lote de 100 imв”ңв”Ӯveis (Total acumulado: 6899)...
Г”Г…в”Ӯ Processados 6900 imв”ңв”Ӯveis scraped...
Г”Г…в”Ӯ Processados 6910 imв”ңв”Ӯveis scraped...
Г”Г…в”Ӯ Processados 6920 imв”ңв”Ӯveis scraped...
Г”Г…в”Ӯ Processados 6930 imв”ңв”Ӯveis scraped...
Г”Г…в”Ӯ Processados 6940 imв”ңв”Ӯveis scraped...
Г”Г…в”Ӯ Processados 6950 imв”ңв”Ӯveis scraped...
Г”Г…в”Ӯ Processados 6960 imв”ңв”Ӯveis scraped...
Г”Г…в”Ӯ Processados 6970 imв”ңв”Ӯveis scraped...
Г”Г…в”Ӯ Processados 6980 imв”ңв”Ӯveis scraped...
Г”Г…в”Ӯ Processados 6990 imв”ңв”Ӯveis scraped...
ВӯЖ’ГҙВӘ Processando lote de 100 imв”ңв”Ӯveis (Total acumulado: 6999)...
Г”Г…в”Ӯ Processados 7000 imв”ңв”Ӯveis scraped...
Г”Г…в”Ӯ Processados 7010 imв”ңв”Ӯveis scraped...
Г”Г…в”Ӯ Processados 7020 imв”ңв”Ӯveis scraped...
Г”Г…в”Ӯ Processados 7030 imв”ңв”Ӯveis scraped...
Г”Г…в”Ӯ Processados 7040 imв”ңв”Ӯveis scraped...
Г”Г…в”Ӯ Processados 7050 imв”ңв”Ӯveis scraped...
Г”Г…в”Ӯ Processados 7060 imв”ңв”Ӯveis scraped...
Г”Г…в”Ӯ Processados 7070 imв”ңв”Ӯveis scraped...
Г”Г…в”Ӯ Processados 7080 imв”ңв”Ӯveis scraped...
Г”Г…в”Ӯ Processados 7090 imв”ңв”Ӯveis scraped...
ВӯЖ’ГҙВӘ Processando lote de 100 imв”ңв”Ӯveis (Total acumulado: 7099)...
Г”Г…в”Ӯ Processados 7100 imв”ңв”Ӯveis scraped...
Г”Г…в”Ӯ Processados 7110 imв”ңв”Ӯveis scraped...
Г”Г…в”Ӯ Processados 7120 imв”ңв”Ӯveis scraped...
Г”Г…в”Ӯ Processados 7130 imв”ңв”Ӯveis scraped...
Г”Г…в”Ӯ Processados 7140 imв”ңв”Ӯveis scraped...
Г”Г…в”Ӯ Processados 7150 imв”ңв”Ӯveis scraped...
Г”Г…в”Ӯ Processados 7160 imв”ңв”Ӯveis scraped...
Г”Г…в”Ӯ Processados 7170 imв”ңв”Ӯveis scraped...
Г”Г…в”Ӯ Processados 7180 imв”ңв”Ӯveis scraped...
Г”Г…в”Ӯ Processados 7190 imв”ңв”Ӯveis scraped...
ВӯЖ’ГҙВӘ Processando lote de 100 imв”ңв”Ӯveis (Total acumulado: 7199)...
Г”Г…в”Ӯ Processados 7200 imв”ңв”Ӯveis scraped...
Г”Г…в”Ӯ Processados 7210 imв”ңв”Ӯveis scraped...
Г”Г…в”Ӯ Processados 7220 imв”ңв”Ӯveis scraped...
Г”Г…в”Ӯ Processados 7230 imв”ңв”Ӯveis scraped...
Г”Г…в”Ӯ Processados 7240 imв”ңв”Ӯveis scraped...
Г”Г…в”Ӯ Processados 7250 imв”ңв”Ӯveis scraped...
Г”Г…в”Ӯ Processados 7260 imв”ңв”Ӯveis scraped...
Г”Г…в”Ӯ Processados 7270 imв”ңв”Ӯveis scraped...
Г”Г…в”Ӯ Processados 7280 imв”ңв”Ӯveis scraped...
Г”Г…в”Ӯ Processados 7290 imв”ңв”Ӯveis scraped...
ВӯЖ’ГҙВӘ Processando lote de 100 imв”ңв”Ӯveis (Total acumulado: 7299)...
Г”Г…в”Ӯ Processados 7300 imв”ңв”Ӯveis scraped...
Г”Г…в”Ӯ Processados 7310 imв”ңв”Ӯveis scraped...
Г”Г…в”Ӯ Processados 7320 imв”ңв”Ӯveis scraped...
Г”Г…в”Ӯ Processados 7330 imв”ңв”Ӯveis scraped...
Г”Г…в”Ӯ Processados 7340 imв”ңв”Ӯveis scraped...
Г”Г…в”Ӯ Processados 7350 imв”ңв”Ӯveis scraped...
Г”Г…в”Ӯ Processados 7360 imв”ңв”Ӯveis scraped...
Г”Г…в”Ӯ Processados 7370 imв”ңв”Ӯveis scraped...
Г”Г…в”Ӯ Processados 7380 imв”ңв”Ӯveis scraped...
Г”Г…в”Ӯ Processados 7390 imв”ңв”Ӯveis scraped...
ВӯЖ’ГҙВӘ Processando lote de 100 imв”ңв”Ӯveis (Total acumulado: 7399)...
Г”Г…в”Ӯ Processados 7400 imв”ңв”Ӯveis scraped...
Г”Г…в”Ӯ Processados 7410 imв”ңв”Ӯveis scraped...
Г”Г…в”Ӯ Processados 7420 imв”ңв”Ӯveis scraped...
Г”Г…в”Ӯ Processados 7430 imв”ңв”Ӯveis scraped...
Г”Г…в”Ӯ Processados 7440 imв”ңв”Ӯveis scraped...
Г”Г…в”Ӯ Processados 7450 imв”ңв”Ӯveis scraped...
Г”Г…в”Ӯ Processados 7460 imв”ңв”Ӯveis scraped...
Г”Г…в”Ӯ Processados 7470 imв”ңв”Ӯveis scraped...
Г”Г…в”Ӯ Processados 7480 imв”ңв”Ӯveis scraped...
Г”Г…в”Ӯ Processados 7490 imв”ңв”Ӯveis scraped...
ВӯЖ’ГҙВӘ Processando lote de 100 imв”ңв”Ӯveis (Total acumulado: 7499)...
Г”Г…в”Ӯ Processados 7500 imв”ңв”Ӯveis scraped...
Г”ГҳГ® Erro no imв”ңв”Ӯvel 8444405161701: <ConnectionTerminated error_code:0, last_stream_id:19999, additional_data:None>
Г”Г…в”Ӯ Processados 7510 imв”ңв”Ӯveis scraped...
Г”Г…в”Ӯ Processados 7520 imв”ңв”Ӯveis scraped...
Г”Г…в”Ӯ Processados 7530 imв”ңв”Ӯveis scraped...
Г”Г…в”Ӯ Processados 7540 imв”ңв”Ӯveis scraped...
Г”Г…в”Ӯ Processados 7550 imв”ңв”Ӯveis scraped...
Г”Г…в”Ӯ Processados 7560 imв”ңв”Ӯveis scraped...
Г”Г…в”Ӯ Processados 7570 imв”ңв”Ӯveis scraped...
Г”Г…в”Ӯ Processados 7580 imв”ңв”Ӯveis scraped...
Г”Г…в”Ӯ Processados 7590 imв”ңв”Ӯveis scraped...
ВӯЖ’ГҙВӘ Processando lote de 100 imв”ңв”Ӯveis (Total acumulado: 7598)...
Г”Г…в”Ӯ Processados 7600 imв”ңв”Ӯveis scraped...
Г”Г…в”Ӯ Processados 7610 imв”ңв”Ӯveis scraped...
Г”Г…в”Ӯ Processados 7620 imв”ңв”Ӯveis scraped...
Г”Г…в”Ӯ Processados 7630 imв”ңв”Ӯveis scraped...
Г”Г…в”Ӯ Processados 7640 imв”ңв”Ӯveis scraped...
Г”Г…в”Ӯ Processados 7650 imв”ңв”Ӯveis scraped...
Г”Г…в”Ӯ Processados 7660 imв”ңв”Ӯveis scraped...
Г”Г…в”Ӯ Processados 7670 imв”ңв”Ӯveis scraped...
Г”Г…в”Ӯ Processados 7680 imв”ңв”Ӯveis scraped...
Г”Г…в”Ӯ Processados 7690 imв”ңв”Ӯveis scraped...
ВӯЖ’ГҙВӘ Processando lote de 100 imв”ңв”Ӯveis (Total acumulado: 7698)...
Г”Г…в”Ӯ Processados 7700 imв”ңв”Ӯveis scraped...
Г”Г…в”Ӯ Processados 7710 imв”ңв”Ӯveis scraped...
Г”Г…в”Ӯ Processados 7720 imв”ңв”Ӯveis scraped...
Г”Г…в”Ӯ Processados 7730 imв”ңв”Ӯveis scraped...
Г”Г…в”Ӯ Processados 7740 imв”ңв”Ӯveis scraped...
Г”Г…в”Ӯ Processados 7750 imв”ңв”Ӯveis scraped...
Г”Г…в”Ӯ Processados 7760 imв”ңв”Ӯveis scraped...
Г”Г…в”Ӯ Processados 7770 imв”ңв”Ӯveis scraped...
Г”Г…в”Ӯ Processados 7780 imв”ңв”Ӯveis scraped...
Г”Г…в”Ӯ Processados 7790 imв”ңв”Ӯveis scraped...
ВӯЖ’ГҙВӘ Processando lote de 43 imв”ңв”Ӯveis (Total acumulado: 7798)...
Г”Г…в”Ӯ Processados 7800 imв”ңв”Ӯveis scraped...
Г”Г…в”Ӯ Processados 7810 imв”ңв”Ӯveis scraped...
Г”Г…в”Ӯ Processados 7820 imв”ңв”Ӯveis scraped...
Г”Г…в”Ӯ Processados 7830 imв”ңв”Ӯveis scraped...
Г”Г…в”Ӯ Processados 7840 imв”ңв”Ӯveis scraped...
=====================================================
Г”ВЈГ  ETAPA 3 CONCLUв”ңГ¬DA
Г”ВЈГ  Scraping e Features gravados: 7841
Г”ГңГЎВҙВ©Г… Erros/Ignorados: 2
=====================================================
