ВӯЖ’ГңГҮ Pipeline de Ingestв”ңГәo da CAIXA Г”ГҮГ¶ Iniciando...
   Filtros: Desconto >= 30.0% | Modalidades: ['Venda Online', 'Venda Direta Online']
[INFO] Carregando dados mestres...
[INFO] Dados mestres: 27 UFs | 5570 Cidades | 14859 Bairros | 14 Grupos | 16 Tipos | 8 Naturezas
[INFO] Sincronizando cache de imagens (Supabase Storage)...
   Г”ВЈГ  1500 imagens encontradas no Storage.

[INFO] 1 arquivo(s) CSV encontrado(s).

============================================================
[PASSO 01] Processando: 03-29-Lista_imoveis_RJ.xlsx | UF padrв”ңГәo: RJ
============================================================
  [INFO] Lendo formato Excel (.xlsx)...
  [DEBUG] Colunas encontradas: ['imovel_caixa_numero', 'imovel_caixa_endereco_uf', 'imovel_caixa_endereco_cidade', 'imovel_caixa_endereco_bairro', 'imovel_caixa_endereco_csv', 'imovel_caixa_valor_venda', 'imovel_caixa_valor_avaliacao', 'imovel_caixa_valor_desconto_percentual', 'imovel_caixa_pagamento_fgts', 'imovel_caixa_descricao_csv', 'imovel_caixa_modalidade', 'imovel_caixa_data_criacao', 'imovel_caixa_valor_desconto_moeda', 'imovel_caixa_link_acesso_direto', 'imovel_caixa_descricao_tipo']
[PASSO 02] Aplicando filtros: Desconto >= 30.0% | Modalidades: ['Venda Online', 'Venda Direta Online']
  [DEBUG] Rejeitado Mod: '611821.73'
  [DEBUG] Rejeitado Mod: '150533.64'
  [DEBUG] Rejeitado Mod: '168890.2'
  [DEBUG] Rejeitado Mod: '289340.69'
  [DEBUG] Rejeitado Mod: '412979.67'

[PASSO 03] Resultado: 0 aceitos | 9049 rejeitados (mod:9049 | desc:0 | db:0)

[PASSO 04] Nenhum imв”ңв”Ӯvel novo para scraping.

[PASSO 05] Limpeza estratв”ңВ®gica: removendo modalidades nв”ңГәo aceitas...
   Г”ВЈГ  Nenhum imв”ңв”Ӯvel com modalidade invв”ңГӯlida para remover.

============================================================
ВӯЖ’ГҙГЁ RESUMO FINAL
============================================================
  ВӯЖ’ГҙГӨ 03-29-Lista_imoveis_RJ.xlsx: 0/9049 aceitos

  Г”ВЈГ  Total: 0 imв”ңв”Ӯveis gravados de 9049 lidos
  ВӯЖ’Г¶Г¬ Scraping: 0 imв”ңв”Ӯveis processados
  Г”ВЈВҝ Limpeza de modalidades executada.
============================================================
ВӯЖ’Г…Гј PIPELINE CONCLUв”ңГ¬DO COM SUCESSO!

